<?xml version="1.0" encoding="UTF-8"?>
<!-- Generated by org.testng.reporters.JUnitReportReporter -->
<testsuite hostname="Shahnozas-MacBook-Air.local" failures="0" tests="1" name="com.exelenter.class03._01_SoftAssertRecap" time="0.004" errors="0" timestamp="2023-02-07T18:34:35 MST" skipped="0">
  <testcase classname="com.exelenter.class03._01_SoftAssertRecap" name="testCase" time="0.004"/>
  <system-out/>
</testsuite> <!-- com.exelenter.class03._01_SoftAssertRecap -->
