<?xml version="1.0" encoding="UTF-8"?>
<!-- Generated by org.testng.reporters.JUnitReportReporter -->
<testsuite hostname="Shahnozas-MacBook-Air.local" failures="0" tests="5" name="com.exelenter.class01._05_Task01" time="0.004" errors="0" timestamp="2023-02-07T18:20:31 MST" skipped="1">
  <testcase classname="com.exelenter.class01._05_Task01" name="fourthMethod" time="0.002"/>
  <system-out/>
  <testcase classname="com.exelenter.class01._05_Task01" name="thirdMethod" time="0.001"/>
  <system-out/>
  <testcase classname="com.exelenter.class01._05_Task01" name="secondMethod" time="0.001"/>
  <system-out/>
  <testcase classname="com.exelenter.class01._05_Task01" name="firstMethod" time="0.000"/>
  <system-out/>
  <testcase classname="com.exelenter.class01._05_Task01" name="firstMethod1">
    <skipped/>
  </testcase> <!-- firstMethod1 -->
  <system-out/>
</testsuite> <!-- com.exelenter.class01._05_Task01 -->
