<?xml version="1.0" encoding="UTF-8"?>
<!-- Generated by org.testng.reporters.JUnitReportReporter -->
<testsuite hostname="Shahnozas-MacBook-Air.local" failures="0" tests="3" name="test.LoginTest" time="16.055" errors="0" timestamp="2023-02-07T20:09:58 MST" skipped="0">
  <testcase classname="test.LoginTest" name="validUserEmptyPassword" time="5.310"/>
  <system-out/>
  <testcase classname="test.LoginTest" name="validUserInvalidPassword" time="5.104"/>
  <system-out/>
  <testcase classname="test.LoginTest" name="validAdminLogin" time="5.641"/>
  <system-out/>
</testsuite> <!-- test.LoginTest -->
